#
# A fatal error has been detected by the Java Runtime Environment:
#
#  EXCEPTION_ACCESS_VIOLATION (0xc0000005) at pc=0x000000006e164624, pid=4340, tid=0x00000000000007bc
#
# JRE version: Java(TM) SE Runtime Environment (8.0_111-b14) (build 1.8.0_111-b14)
# Java VM: Java HotSpot(TM) 64-Bit Server VM (25.111-b14 mixed mode windows-amd64 compressed oops)
# Problematic frame:
# C  [sqlite-3.7.151-amd64-sqlitejdbc.dll+0x24624]
#
# Failed to write core dump. Minidumps are not enabled by default on client versions of Windows
#
# If you would like to submit a bug report, please visit:
#   http://bugreport.java.com/bugreport/crash.jsp
# The crash happened outside the Java Virtual Machine in native code.
# See problematic frame for where to report the bug.
#

---------------  T H R E A D  ---------------

Current thread (0x000000001a53c000):  JavaThread "Thread-3" [_thread_in_native, id=1980, stack(0x000000001a8e0000,0x000000001a9e0000)]

siginfo: ExceptionCode=0xc0000005, reading address 0x0000000000000018

Registers:
RAX=0x0000000000000000, RBX=0x000000001843da08, RCX=0x0000000000000000, RDX=0x0000000000000000
RSP=0x000000001a9defe0, RBP=0x000000001a9df128, RSI=0x0000000000000000, RDI=0x000000000000006c
R8 =0x0000000000000000, R9 =0x0000000000000000, R10=0x0000000002cc8a4b, R11=0x000000005958b580
R12=0x0000000000000000, R13=0x0000000014f9f730, R14=0x000000001a9df160, R15=0x000000001a53c000
RIP=0x000000006e164624, EFLAGS=0x0000000000010202

Top of Stack: (sp=0x000000001a9defe0)
0x000000001a9defe0:   0000000059943d28 0000000002bfe100
0x000000001a9deff0:   000000001843da08 00000000594a0720
0x000000001a9df000:   000000001843da08 000000006e1714b9
0x000000001a9df010:   000000001a9df0d8 000000005959cc2f
0x000000001a9df020:   000000001a9df0d8 000000001a9df128
0x000000001a9df030:   000000001a9df128 000000001a53c1f8
0x000000001a9df040:   00000000594a0720 000000006e142506
0x000000001a9df050:   0000000017768948 000000001a53c000
0x000000001a9df060:   0000000000000158 00000000195b1410
0x000000001a9df070:   000000001751abf0 0000000014f9f730
0x000000001a9df080:   0000000000000158 0000000002cc8a77
0x000000001a9df090:   0000000002cb56d0 0000000000000000
0x000000001a9df0a0:   000000000000006c 0000000002cc881f
0x000000001a9df0b0:   000000001a53c000 0000000014f9f730
0x000000001a9df0c0:   000000001a9df130 0000000002cb7da0
0x000000001a9df0d0:   0000000002cc87d9 0000000000000003 

Instructions: (pc=0x000000006e164624)
0x000000006e164604:   48 83 ec 20 48 85 c9 74 33 8b 91 8c 00 00 00 48
0x000000006e164614:   8b 09 e8 95 ff ff ff 89 83 8c 00 00 00 48 8b 03
0x000000006e164624:   48 8b 48 18 48 85 c9 74 13 48 8b 05 fc ee 06 00
0x000000006e164634:   48 83 c4 20 5b ff e0 0f 1f 44 00 00 48 83 c4 20 


Register to memory mapping:

RAX=0x0000000000000000 is an unknown value
RBX=0x000000001843da08 is an unknown value
RCX=0x0000000000000000 is an unknown value
RDX=0x0000000000000000 is an unknown value
RSP=0x000000001a9defe0 is pointing into the stack for thread: 0x000000001a53c000
RBP=0x000000001a9df128 is pointing into the stack for thread: 0x000000001a53c000
RSI=0x0000000000000000 is an unknown value
RDI=0x000000000000006c is an unknown value
R8 =0x0000000000000000 is an unknown value
R9 =0x0000000000000000 is an unknown value
R10=0x0000000002cc8a4b is at code_begin+1227 in an Interpreter codelet
method entry point (kind = native_synchronized)  [0x0000000002cc8580, 0x0000000002cc9060]  2784 bytes
R11=0x000000005958b580 is an unknown value
R12=0x0000000000000000 is an unknown value
R13={method} {0x0000000014f9f738} 'column_text' '(JI)Ljava/lang/String;' in 'org/sqlite/NativeDB'
R14=0x000000001a9df160 is pointing into the stack for thread: 0x000000001a53c000
R15=0x000000001a53c000 is a thread


Stack: [0x000000001a8e0000,0x000000001a9e0000],  sp=0x000000001a9defe0,  free space=1019k
Native frames: (J=compiled Java code, j=interpreted, Vv=VM code, C=native code)
C  [sqlite-3.7.151-amd64-sqlitejdbc.dll+0x24624]

Java frames: (J=compiled Java code, j=interpreted, Vv=VM code)
j  org.sqlite.NativeDB.column_text(JI)Ljava/lang/String;+0
j  org.sqlite.RS.getString(I)Ljava/lang/String;+16
j  org.sqlite.RS.getString(Ljava/lang/String;)Ljava/lang/String;+6
j  schoolManegementSystem.Informations$2.run()V+178
v  ~StubRoutines::call_stub

---------------  P R O C E S S  ---------------

Java Threads: ( => current thread )
=>0x000000001a53c000 JavaThread "Thread-3" [_thread_in_native, id=1980, stack(0x000000001a8e0000,0x000000001a9e0000)]
  0x0000000017881000 JavaThread "Image Fetcher 1" daemon [_thread_blocked, id=160, stack(0x00000000196f0000,0x00000000197f0000)]
  0x0000000016f78800 JavaThread "Image Fetcher 0" daemon [_thread_blocked, id=9416, stack(0x000000001a7e0000,0x000000001a8e0000)]
  0x0000000017515800 JavaThread "TimerQueue" daemon [_thread_blocked, id=5264, stack(0x0000000018460000,0x0000000018560000)]
  0x0000000002aad800 JavaThread "DestroyJavaVM" [_thread_blocked, id=10852, stack(0x0000000002ab0000,0x0000000002bb0000)]
  0x00000000173ab800 JavaThread "AWT-EventQueue-0" [_thread_in_Java, id=8496, stack(0x0000000018260000,0x0000000018360000)]
  0x00000000173a7000 JavaThread "AWT-Windows" daemon [_thread_in_native, id=6148, stack(0x0000000017c80000,0x0000000017d80000)]
  0x00000000173a4000 JavaThread "AWT-Shutdown" [_thread_blocked, id=4724, stack(0x0000000017b80000,0x0000000017c80000)]
  0x00000000173a2800 JavaThread "Java2D Disposer" daemon [_thread_blocked, id=10228, stack(0x0000000017a80000,0x0000000017b80000)]
  0x0000000016bc6000 JavaThread "Service Thread" daemon [_thread_blocked, id=5588, stack(0x0000000016fa0000,0x00000000170a0000)]
  0x0000000015278800 JavaThread "C1 CompilerThread2" daemon [_thread_blocked, id=9228, stack(0x0000000016aa0000,0x0000000016ba0000)]
  0x0000000015270800 JavaThread "C2 CompilerThread1" daemon [_thread_in_native, id=3228, stack(0x00000000169a0000,0x0000000016aa0000)]
  0x000000001526e000 JavaThread "C2 CompilerThread0" daemon [_thread_blocked, id=4472, stack(0x00000000168a0000,0x00000000169a0000)]
  0x000000001526c800 JavaThread "Attach Listener" daemon [_thread_blocked, id=10324, stack(0x00000000167a0000,0x00000000168a0000)]
  0x000000001526b800 JavaThread "Signal Dispatcher" daemon [_thread_blocked, id=3440, stack(0x00000000166a0000,0x00000000167a0000)]
  0x000000001525a800 JavaThread "Finalizer" daemon [_thread_blocked, id=9308, stack(0x00000000164c0000,0x00000000165c0000)]
  0x0000000002ca2000 JavaThread "Reference Handler" daemon [_thread_blocked, id=6136, stack(0x00000000163c0000,0x00000000164c0000)]

Other Threads:
  0x0000000015236800 VMThread [stack: 0x00000000162c0000,0x00000000163c0000] [id=3708]
  0x00000000152ab800 WatcherThread [stack: 0x00000000170a0000,0x00000000171a0000] [id=8484]

VM state:not at safepoint (normal execution)

VM Mutex/Monitor currently owned by a thread: None

Heap:
 PSYoungGen      total 328192K, used 286391K [0x00000000eb500000, 0x00000000fff00000, 0x0000000100000000)
  eden space 319488K, 89% used [0x00000000eb500000,0x00000000fccadc90,0x00000000fed00000)
  from space 8704K, 0% used [0x00000000ff680000,0x00000000ff680000,0x00000000fff00000)
  to   space 9216K, 0% used [0x00000000fed00000,0x00000000fed00000,0x00000000ff600000)
 ParOldGen       total 678912K, used 467428K [0x00000000c1e00000, 0x00000000eb500000, 0x00000000eb500000)
  object space 678912K, 68% used [0x00000000c1e00000,0x00000000de6791d8,0x00000000eb500000)
 Metaspace       used 16853K, capacity 17148K, committed 17408K, reserved 1064960K
  class space    used 2126K, capacity 2204K, committed 2304K, reserved 1048576K

Card table byte_map: [0x0000000012070000,0x0000000012270000] byte_map_base: 0x0000000011a61000

Marking Bits: (ParMarkBitMap*) 0x0000000059b7a6c0
 Begin Bits: [0x00000000127c0000, 0x0000000013748000)
 End Bits:   [0x0000000013748000, 0x00000000146d0000)

Polling page: 0x0000000001120000

CodeCache: size=245760Kb used=6080Kb max_used=6080Kb free=239679Kb
 bounds [0x0000000002cb0000, 0x00000000032b0000, 0x0000000011cb0000]
 total_blobs=2345 nmethods=1812 adapters=444
 compilation: enabled

Compilation events (10 events):
Event: 27.212 Thread 0x0000000015278800 2002       3       javax.swing.JComponent::setOpaque (29 bytes)
Event: 27.212 Thread 0x0000000015278800 nmethod 2002 0x00000000032a4990 code [0x00000000032a4b20, 0x00000000032a4f68]
Event: 27.212 Thread 0x0000000015278800 2004       1       javax.swing.text.JTextComponent::getCaretColor (5 bytes)
Event: 27.212 Thread 0x0000000015278800 nmethod 2004 0x00000000032934d0 code [0x0000000003293620, 0x0000000003293730]
Event: 27.214 Thread 0x0000000015278800 2006       3       java.awt.image.ComponentSampleModel::getBufferSize (191 bytes)
Event: 27.215 Thread 0x0000000015278800 nmethod 2006 0x00000000032a5090 code [0x00000000032a52a0, 0x00000000032a5b68]
Event: 27.234 Thread 0x0000000015278800 2007 %     3       com.sun.imageio.plugins.png.PNGImageReader::decodeAverageFilter @ 58 (128 bytes)
Event: 27.234 Thread 0x0000000015278800 nmethod 2007% 0x00000000032a5f10 code [0x00000000032a60a0, 0x00000000032a6590]
Event: 27.234 Thread 0x0000000015278800 2008       3       com.sun.imageio.plugins.png.PNGImageReader::decodeAverageFilter (128 bytes)
Event: 27.235 Thread 0x0000000015278800 nmethod 2008 0x00000000032a6a10 code [0x00000000032a6ba0, 0x00000000032a6f90]

GC Heap History (10 events):
Event: 22.514 GC heap before
{Heap before GC invocations=24 (full 6):
 PSYoungGen      total 329216K, used 287K [0x00000000eb500000, 0x0000000100000000, 0x0000000100000000)
  eden space 319488K, 0% used [0x00000000eb500000,0x00000000eb500000,0x00000000fed00000)
  from space 9728K, 2% used [0x00000000ff680000,0x00000000ff6c7fb8,0x0000000100000000)
  to   space 9728K, 0% used [0x00000000fed00000,0x00000000fed00000,0x00000000ff680000)
 ParOldGen       total 569344K, used 544418K [0x00000000c1e00000, 0x00000000e4a00000, 0x00000000eb500000)
  object space 569344K, 95% used [0x00000000c1e00000,0x00000000e31a8b50,0x00000000e4a00000)
 Metaspace       used 15798K, capacity 16086K, committed 16256K, reserved 1062912K
  class space    used 2006K, capacity 2107K, committed 2176K, reserved 1048576K
Event: 22.530 GC heap after
Heap after GC invocations=24 (full 6):
 PSYoungGen      total 329216K, used 0K [0x00000000eb500000, 0x0000000100000000, 0x0000000100000000)
  eden space 319488K, 0% used [0x00000000eb500000,0x00000000eb500000,0x00000000fed00000)
  from space 9728K, 0% used [0x00000000ff680000,0x00000000ff680000,0x0000000100000000)
  to   space 9728K, 0% used [0x00000000fed00000,0x00000000fed00000,0x00000000ff680000)
 ParOldGen       total 678912K, used 390444K [0x00000000c1e00000, 0x00000000eb500000, 0x00000000eb500000)
  object space 678912K, 57% used [0x00000000c1e00000,0x00000000d9b4b2f0,0x00000000eb500000)
 Metaspace       used 15798K, capacity 16086K, committed 16256K, reserved 1062912K
  class space    used 2006K, capacity 2107K, committed 2176K, reserved 1048576K
}
Event: 23.487 GC heap before
{Heap before GC invocations=25 (full 6):
 PSYoungGen      total 329216K, used 319488K [0x00000000eb500000, 0x0000000100000000, 0x0000000100000000)
  eden space 319488K, 100% used [0x00000000eb500000,0x00000000fed00000,0x00000000fed00000)
  from space 9728K, 0% used [0x00000000ff680000,0x00000000ff680000,0x0000000100000000)
  to   space 9728K, 0% used [0x00000000fed00000,0x00000000fed00000,0x00000000ff680000)
 ParOldGen       total 678912K, used 390444K [0x00000000c1e00000, 0x00000000eb500000, 0x00000000eb500000)
  object space 678912K, 57% used [0x00000000c1e00000,0x00000000d9b4b2f0,0x00000000eb500000)
 Metaspace       used 15798K, capacity 16086K, committed 16256K, reserved 1062912K
  class space    used 2006K, capacity 2107K, committed 2176K, reserved 1048576K
Event: 23.489 GC heap after
Heap after GC invocations=25 (full 6):
 PSYoungGen      total 329216K, used 32K [0x00000000eb500000, 0x0000000100000000, 0x0000000100000000)
  eden space 319488K, 0% used [0x00000000eb500000,0x00000000eb500000,0x00000000fed00000)
  from space 9728K, 0% used [0x00000000fed00000,0x00000000fed08000,0x00000000ff680000)
  to   space 9728K, 0% used [0x00000000ff680000,0x00000000ff680000,0x0000000100000000)
 ParOldGen       total 678912K, used 390444K [0x00000000c1e00000, 0x00000000eb500000, 0x00000000eb500000)
  object space 678912K, 57% used [0x00000000c1e00000,0x00000000d9b4b2f0,0x00000000eb500000)
 Metaspace       used 15798K, capacity 16086K, committed 16256K, reserved 1062912K
  class space    used 2006K, capacity 2107K, committed 2176K, reserved 1048576K
}
Event: 24.419 GC heap before
{Heap before GC invocations=26 (full 6):
 PSYoungGen      total 329216K, used 319520K [0x00000000eb500000, 0x0000000100000000, 0x0000000100000000)
  eden space 319488K, 100% used [0x00000000eb500000,0x00000000fed00000,0x00000000fed00000)
  from space 9728K, 0% used [0x00000000fed00000,0x00000000fed08000,0x00000000ff680000)
  to   space 9728K, 0% used [0x00000000ff680000,0x00000000ff680000,0x0000000100000000)
 ParOldGen       total 678912K, used 390444K [0x00000000c1e00000, 0x00000000eb500000, 0x00000000eb500000)
  object space 678912K, 57% used [0x00000000c1e00000,0x00000000d9b4b2f0,0x00000000eb500000)
 Metaspace       used 15837K, capacity 16086K, committed 16256K, reserved 1062912K
  class space    used 2012K, capacity 2107K, committed 2176K, reserved 1048576K
Event: 24.470 GC heap after
Heap after GC invocations=26 (full 6):
 PSYoungGen      total 328192K, used 415K [0x00000000eb500000, 0x00000000fff00000, 0x0000000100000000)
  eden space 319488K, 0% used [0x00000000eb500000,0x00000000eb500000,0x00000000fed00000)
  from space 8704K, 4% used [0x00000000ff680000,0x00000000ff6e7c30,0x00000000fff00000)
  to   space 9216K, 0% used [0x00000000fed00000,0x00000000fed00000,0x00000000ff600000)
 ParOldGen       total 678912K, used 621731K [0x00000000c1e00000, 0x00000000eb500000, 0x00000000eb500000)
  object space 678912K, 91% used [0x00000000c1e00000,0x00000000e7d28ff8,0x00000000eb500000)
 Metaspace       used 15837K, capacity 16086K, committed 16256K, reserved 1062912K
  class space    used 2012K, capacity 2107K, committed 2176K, reserved 1048576K
}
Event: 24.470 GC heap before
{Heap before GC invocations=27 (full 7):
 PSYoungGen      total 328192K, used 415K [0x00000000eb500000, 0x00000000fff00000, 0x0000000100000000)
  eden space 319488K, 0% used [0x00000000eb500000,0x00000000eb500000,0x00000000fed00000)
  from space 8704K, 4% used [0x00000000ff680000,0x00000000ff6e7c30,0x00000000fff00000)
  to   space 9216K, 0% used [0x00000000fed00000,0x00000000fed00000,0x00000000ff600000)
 ParOldGen       total 678912K, used 621731K [0x00000000c1e00000, 0x00000000eb500000, 0x00000000eb500000)
  object space 678912K, 91% used [0x00000000c1e00000,0x00000000e7d28ff8,0x00000000eb500000)
 Metaspace       used 15837K, capacity 16086K, committed 16256K, reserved 1062912K
  class space    used 2012K, capacity 2107K, committed 2176K, reserved 1048576K
Event: 24.487 GC heap after
Heap after GC invocations=27 (full 7):
 PSYoungGen      total 328192K, used 0K [0x00000000eb500000, 0x00000000fff00000, 0x0000000100000000)
  eden space 319488K, 0% used [0x00000000eb500000,0x00000000eb500000,0x00000000fed00000)
  from space 8704K, 0% used [0x00000000ff680000,0x00000000ff680000,0x00000000fff00000)
  to   space 9216K, 0% used [0x00000000fed00000,0x00000000fed00000,0x00000000ff600000)
 ParOldGen       total 678912K, used 467870K [0x00000000c1e00000, 0x00000000eb500000, 0x00000000eb500000)
  object space 678912K, 68% used [0x00000000c1e00000,0x00000000de6e78a8,0x00000000eb500000)
 Metaspace       used 15837K, capacity 16086K, committed 16256K, reserved 1062912K
  class space    used 2012K, capacity 2107K, committed 2176K, reserved 1048576K
}
Event: 25.469 GC heap before
{Heap before GC invocations=28 (full 8):
 PSYoungGen      total 328192K, used 319488K [0x00000000eb500000, 0x00000000fff00000, 0x0000000100000000)
  eden space 319488K, 100% used [0x00000000eb500000,0x00000000fed00000,0x00000000fed00000)
  from space 8704K, 0% used [0x00000000ff680000,0x00000000ff680000,0x00000000fff00000)
  to   space 9216K, 0% used [0x00000000fed00000,0x00000000fed00000,0x00000000ff600000)
 ParOldGen       total 678912K, used 467870K [0x00000000c1e00000, 0x00000000eb500000, 0x00000000eb500000)
  object space 678912K, 68% used [0x00000000c1e00000,0x00000000de6e78a8,0x00000000eb500000)
 Metaspace       used 15842K, capacity 16086K, committed 16256K, reserved 1062912K
  class space    used 2012K, capacity 2107K, committed 2176K, reserved 1048576K
Event: 25.581 GC heap after
Heap after GC invocations=28 (full 8):
 PSYoungGen      total 328192K, used 0K [0x00000000eb500000, 0x00000000fff00000, 0x0000000100000000)
  eden space 319488K, 0% used [0x00000000eb500000,0x00000000eb500000,0x00000000fed00000)
  from space 8704K, 0% used [0x00000000ff680000,0x00000000ff680000,0x00000000fff00000)
  to   space 9216K, 0% used [0x00000000fed00000,0x00000000fed00000,0x00000000ff600000)
 ParOldGen       total 678912K, used 467428K [0x00000000c1e00000, 0x00000000eb500000, 0x00000000eb500000)
  object space 678912K, 68% used [0x00000000c1e00000,0x00000000de6791d8,0x00000000eb500000)
 Metaspace       used 15842K, capacity 16086K, committed 16256K, reserved 1062912K
  class space    used 2012K, capacity 2107K, committed 2176K, reserved 1048576K
}

Deoptimization events (10 events):
Event: 26.732 Thread 0x0000000016f78800 Uncommon trap: reason=unstable_if action=reinterpret pc=0x000000000310091c method=java.io.BufferedInputStream.read1([BII)I @ 29
Event: 26.732 Thread 0x0000000016f78800 Uncommon trap: reason=class_check action=maybe_recompile pc=0x00000000030a9104 method=java.io.BufferedInputStream.read1([BII)I @ 39
Event: 26.740 Thread 0x0000000016f78800 Uncommon trap: reason=class_check action=maybe_recompile pc=0x00000000030a9104 method=java.io.BufferedInputStream.read1([BII)I @ 39
Event: 26.744 Thread 0x0000000016f78800 Uncommon trap: reason=class_check action=maybe_recompile pc=0x00000000030a9104 method=java.io.BufferedInputStream.read1([BII)I @ 39
Event: 26.744 Thread 0x0000000016f78800 Uncommon trap: reason=class_check action=maybe_recompile pc=0x00000000030a9104 method=java.io.BufferedInputStream.read1([BII)I @ 39
Event: 26.998 Thread 0x00000000173ab800 Uncommon trap: reason=class_check action=maybe_recompile pc=0x0000000002e7a030 method=java.util.HashMap.putVal(ILjava/lang/Object;Ljava/lang/Object;ZZ)Ljava/lang/Object; @ 203
Event: 26.999 Thread 0x00000000173ab800 Uncommon trap: reason=class_check action=maybe_recompile pc=0x0000000002e7a030 method=java.util.HashMap.putVal(ILjava/lang/Object;Ljava/lang/Object;ZZ)Ljava/lang/Object; @ 203
Event: 26.999 Thread 0x00000000173ab800 Uncommon trap: reason=class_check action=maybe_recompile pc=0x0000000002e7a030 method=java.util.HashMap.putVal(ILjava/lang/Object;Ljava/lang/Object;ZZ)Ljava/lang/Object; @ 203
Event: 27.008 Thread 0x00000000173ab800 Uncommon trap: reason=unstable_if action=reinterpret pc=0x0000000002e88ff0 method=java.lang.CharacterData.of(I)Ljava/lang/CharacterData; @ 4
Event: 27.010 Thread 0x00000000173ab800 Uncommon trap: reason=unstable_if action=reinterpret pc=0x0000000003257f74 method=java.lang.Character.isSurrogate(C)Z @ 3

Internal exceptions (10 events):
Event: 0.415 Thread 0x0000000002aad800 Exception <a 'java/security/PrivilegedActionException'> (0x00000000eb659af8) thrown at [C:\re\workspace\8-2-build-windows-amd64-cygwin\jdk8u111\7883\hotspot\src\share\vm\prims\jvm.cpp, line 1386]
Event: 0.416 Thread 0x0000000002aad800 Exception <a 'java/security/PrivilegedActionException'> (0x00000000eb65d9e0) thrown at [C:\re\workspace\8-2-build-windows-amd64-cygwin\jdk8u111\7883\hotspot\src\share\vm\prims\jvm.cpp, line 1386]
Event: 0.416 Thread 0x0000000002aad800 Exception <a 'java/security/PrivilegedActionException'> (0x00000000eb65dbf0) thrown at [C:\re\workspace\8-2-build-windows-amd64-cygwin\jdk8u111\7883\hotspot\src\share\vm\prims\jvm.cpp, line 1386]
Event: 0.422 Thread 0x0000000002aad800 Exception <a 'java/io/FileNotFoundException'> (0x00000000eb6600a8) thrown at [C:\re\workspace\8-2-build-windows-amd64-cygwin\jdk8u111\7883\hotspot\src\share\vm\prims\jni.cpp, line 709]
Event: 0.471 Thread 0x0000000002aad800 Exception <a 'java/lang/NoSuchFieldError': method resolution failed> (0x00000000eb72e3b0) thrown at [C:\re\workspace\8-2-build-windows-amd64-cygwin\jdk8u111\7883\hotspot\src\share\vm\prims\methodHandles.cpp, line 1146]
Event: 0.473 Thread 0x0000000002aad800 Exception <a 'java/lang/NoSuchFieldError': method resolution failed> (0x00000000eb73b780) thrown at [C:\re\workspace\8-2-build-windows-amd64-cygwin\jdk8u111\7883\hotspot\src\share\vm\prims\methodHandles.cpp, line 1146]
Event: 0.634 Thread 0x0000000002aad800 Exception <a 'java/io/FileNotFoundException'> (0x00000000eb828570) thrown at [C:\re\workspace\8-2-build-windows-amd64-cygwin\jdk8u111\7883\hotspot\src\share\vm\prims\jni.cpp, line 709]
Event: 1.411 Thread 0x00000000173ab800 Implicit null exception at 0x0000000002e7d94a to 0x0000000002e7dc0d
Event: 15.331 Thread 0x0000000017630800 Exception <a 'java/io/FileNotFoundException'> (0x00000000f69d5de8) thrown at [C:\re\workspace\8-2-build-windows-amd64-cygwin\jdk8u111\7883\hotspot\src\share\vm\prims\jni.cpp, line 709]
Event: 15.331 Thread 0x0000000017630800 Exception <a 'java/io/FileNotFoundException'> (0x00000000f69d6118) thrown at [C:\re\workspace\8-2-build-windows-amd64-cygwin\jdk8u111\7883\hotspot\src\share\vm\prims\jni.cpp, line 709]

Events (10 events):
Event: 27.164 loading class javax/swing/text/html/HTML$UnknownTag done
Event: 27.188 loading class schoolManegementSystem/Informations$2
Event: 27.188 loading class schoolManegementSystem/Informations$2 done
Event: 27.190 loading class schoolManegementSystem/Informations$actionListener
Event: 27.190 loading class schoolManegementSystem/Informations$actionListener done
Event: 27.202 loading class schoolManegementSystem/Informations$1
Event: 27.202 loading class schoolManegementSystem/Informations$1 done
Event: 27.205 Thread 0x000000001a53c000 Thread added: 0x000000001a53c000
Event: 27.207 Executing VM operation: RevokeBias
Event: 27.207 Executing VM operation: RevokeBias done


Dynamic libraries:
0x00007ff667e80000 - 0x00007ff667eb7000 	C:\Program Files\Java\jdk1.8.0_111\bin\javaw.exe
0x00007ffd7ea40000 - 0x00007ffd7ec02000 	C:\Windows\SYSTEM32\ntdll.dll
0x00007ffd7e430000 - 0x00007ffd7e4dd000 	C:\Windows\system32\KERNEL32.DLL
0x00007ffd7b8b0000 - 0x00007ffd7ba8d000 	C:\Windows\system32\KERNELBASE.dll
0x00007ffd7c5d0000 - 0x00007ffd7c676000 	C:\Windows\system32\ADVAPI32.dll
0x00007ffd7e390000 - 0x00007ffd7e42d000 	C:\Windows\system32\msvcrt.dll
0x00007ffd7e2c0000 - 0x00007ffd7e31b000 	C:\Windows\system32\sechost.dll
0x00007ffd7e590000 - 0x00007ffd7e6b6000 	C:\Windows\system32\RPCRT4.dll
0x00007ffd7c2c0000 - 0x00007ffd7c40e000 	C:\Windows\system32\USER32.dll
0x00007ffd7e020000 - 0x00007ffd7e1a5000 	C:\Windows\system32\GDI32.dll
0x00007ffd74a30000 - 0x00007ffd74ca4000 	C:\Windows\WinSxS\amd64_microsoft.windows.common-controls_6595b64144ccf1df_6.0.10240.16384_none_f41f7b285750ef43\COMCTL32.dll
0x00007ffd7e210000 - 0x00007ffd7e246000 	C:\Windows\system32\IMM32.DLL
0x00007ffd7e8e0000 - 0x00007ffd7ea3c000 	C:\Windows\system32\MSCTF.dll
0x00000000590c0000 - 0x0000000059192000 	C:\Program Files\Java\jdk1.8.0_111\jre\bin\msvcr100.dll
0x0000000059360000 - 0x0000000059bfa000 	C:\Program Files\Java\jdk1.8.0_111\jre\bin\server\jvm.dll
0x00007ffd7c680000 - 0x00007ffd7c688000 	C:\Windows\system32\PSAPI.DLL
0x00007ffd79ba0000 - 0x00007ffd79baa000 	C:\Windows\SYSTEM32\VERSION.dll
0x00007ffd6f0b0000 - 0x00007ffd6f0b9000 	C:\Windows\SYSTEM32\WSOCK32.dll
0x00007ffd754a0000 - 0x00007ffd754c3000 	C:\Windows\SYSTEM32\WINMM.dll
0x00007ffd75470000 - 0x00007ffd7549c000 	C:\Windows\SYSTEM32\WINMMBASE.dll
0x00007ffd7e250000 - 0x00007ffd7e2b9000 	C:\Windows\system32\WS2_32.dll
0x00007ffd7e010000 - 0x00007ffd7e018000 	C:\Windows\system32\NSI.dll
0x00007ffd7c0c0000 - 0x00007ffd7c104000 	C:\Windows\system32\cfgmgr32.dll
0x00007ffd7b210000 - 0x00007ffd7b237000 	C:\Windows\SYSTEM32\DEVOBJ.dll
0x0000000059270000 - 0x000000005927f000 	C:\Program Files\Java\jdk1.8.0_111\jre\bin\verify.dll
0x0000000059240000 - 0x0000000059269000 	C:\Program Files\Java\jdk1.8.0_111\jre\bin\java.dll
0x0000000059220000 - 0x0000000059236000 	C:\Program Files\Java\jdk1.8.0_111\jre\bin\zip.dll
0x00007ffd7c690000 - 0x00007ffd7dbb5000 	C:\Windows\system32\SHELL32.dll
0x00007ffd7ba90000 - 0x00007ffd7c0b8000 	C:\Windows\system32\windows.storage.dll
0x00007ffd7dd90000 - 0x00007ffd7e00c000 	C:\Windows\system32\combase.dll
0x00007ffd7e1b0000 - 0x00007ffd7e201000 	C:\Windows\system32\shlwapi.dll
0x00007ffd7b490000 - 0x00007ffd7b49f000 	C:\Windows\system32\kernel.appcore.dll
0x00007ffd7b7f0000 - 0x00007ffd7b8a3000 	C:\Windows\system32\shcore.dll
0x00007ffd7b4a0000 - 0x00007ffd7b4ea000 	C:\Windows\system32\powrprof.dll
0x00007ffd7b470000 - 0x00007ffd7b483000 	C:\Windows\system32\profapi.dll
0x0000000058f20000 - 0x00000000590b8000 	C:\Program Files\Java\jdk1.8.0_111\jre\bin\awt.dll
0x00007ffd7c410000 - 0x00007ffd7c4ce000 	C:\Windows\system32\OLEAUT32.dll
0x00007ffd79860000 - 0x00007ffd798d8000 	C:\Windows\system32\apphelp.dll
0x00007ffd79c20000 - 0x00007ffd79cb6000 	C:\Windows\system32\uxtheme.dll
0x00007ffd752e0000 - 0x00007ffd75470000 	C:\Program Files (x86)\Stardock\Start10\Start10_64.dll
0x00007ffd79040000 - 0x00007ffd79062000 	C:\Windows\system32\dwmapi.dll
0x00007ffd7e730000 - 0x00007ffd7e871000 	C:\Windows\system32\ole32.dll
0x00007ffd7b2c0000 - 0x00007ffd7b32b000 	C:\Windows\SYSTEM32\bcryptPrimitives.dll
0x0000000058ed0000 - 0x0000000058f17000 	C:\Program Files\Java\jdk1.8.0_111\jre\bin\fontmanager.dll
0x0000000059200000 - 0x000000005921a000 	C:\Program Files\Java\jdk1.8.0_111\jre\bin\net.dll
0x00007ffd7a970000 - 0x00007ffd7a9cd000 	C:\Windows\system32\mswsock.dll
0x00000000591e0000 - 0x00000000591f1000 	C:\Program Files\Java\jdk1.8.0_111\jre\bin\nio.dll
0x000000006e140000 - 0x000000006e1ed000 	C:\Users\somtech\AppData\Local\Temp\sqlite-3.7.151-amd64-sqlitejdbc.dll
0x00007ffd7a9d0000 - 0x00007ffd7a9e7000 	C:\Windows\SYSTEM32\CRYPTSP.dll
0x00007ffd7b240000 - 0x00007ffd7b268000 	C:\Windows\SYSTEM32\bcrypt.dll
0x00007ffd7a620000 - 0x00007ffd7a653000 	C:\Windows\system32\rsaenh.dll
0x00007ffd7a800000 - 0x00007ffd7a81f000 	C:\Windows\SYSTEM32\USERENV.dll
0x00007ffd7aba0000 - 0x00007ffd7abab000 	C:\Windows\SYSTEM32\CRYPTBASE.dll
0x00007ffd777f0000 - 0x00007ffd77828000 	C:\Windows\SYSTEM32\IPHLPAPI.DLL
0x00007ffd77730000 - 0x00007ffd7773b000 	C:\Windows\SYSTEM32\WINNSI.DLL
0x00007ffd74dd0000 - 0x00007ffd74de6000 	C:\Windows\SYSTEM32\dhcpcsvc6.DLL
0x00007ffd74db0000 - 0x00007ffd74dca000 	C:\Windows\SYSTEM32\dhcpcsvc.DLL
0x00007ffd7e4e0000 - 0x00007ffd7e585000 	C:\Windows\system32\clbcatq.dll
0x00007ffd76eb0000 - 0x00007ffd77062000 	C:\Windows\SYSTEM32\WindowsCodecs.dll
0x00007ffd6e740000 - 0x00007ffd6e786000 	C:\Windows\system32\dataexchange.dll
0x00007ffd79470000 - 0x00007ffd79541000 	C:\Windows\system32\dcomp.dll
0x00007ffd78d90000 - 0x00007ffd79033000 	C:\Windows\system32\d3d11.dll
0x00007ffd717f0000 - 0x00007ffd71d35000 	C:\Windows\system32\d2d1.dll
0x00007ffd78cf0000 - 0x00007ffd78d8c000 	C:\Windows\system32\dxgi.dll
0x00007ffd799b0000 - 0x00007ffd79a9e000 	C:\Windows\system32\twinapi.appcore.dll
0x0000000058e80000 - 0x0000000058ec2000 	C:\Program Files\Java\jdk1.8.0_111\jre\bin\t2k.dll
0x0000000058e50000 - 0x0000000058e7a000 	C:\Program Files\Java\jdk1.8.0_111\jre\bin\dcpr.dll
0x0000000058e10000 - 0x0000000058e41000 	C:\Program Files\Java\jdk1.8.0_111\jre\bin\jpeg.dll
0x00007ffd7ac80000 - 0x00007ffd7ae0a000 	C:\Windows\SYSTEM32\dbghelp.dll

VM Arguments:
jvm_args: -Dfile.encoding=Cp1252 
java_command: schoolManegementSystem.DesktopApp
java_class_path (initial): C:\Users\somtech\eclipse-workspace\schoolManegementSystem\bin;E:\sqlite jars\sqlite-jdbc-3.7.2-javadoc.jar;E:\sqlite jars\sqlite-jdbc-3.7.15-M1.jar;E:\sqlite jars\sqlite-jdbc-3.7.15-SNAPSHOT.jar;E:\sqlite jars\sqlite-jdbc-3.7.15-SNAPSHOT-2.jar;E:\sqlite jars\sqlite-jdbc-3.7.15-SNAPSHOT-javadoc.jar;E:\sqlite jars\sqlite-jdbc4-3.8.2-SNAPSHOT.jar;E:\sqlite jars\rs2xml\rs2xml.jar;E:\sqlite jars\javamail-1.4.5\lib\dsn.jar;E:\sqlite jars\javamail-1.4.5\lib\imap.jar;E:\sqlite jars\javamail-1.4.5\lib\mailapi.jar;E:\sqlite jars\javamail-1.4.5\lib\pop3.jar;E:\sqlite jars\javamail-1.4.5\lib\smtp.jar;E:\sqlite jars\javamail-1.4.5\mail.jar;E:\sqlite jars\jcalendar-0.8.1.jar;C:\Users\somtech\Downloads\itextpdf-5.4.0.jar;C:\Users\somtech\Downloads\JPanelSlider_Library_for_Java_Desktop_Program-master\JPanelSlider_Library_for_Java_Desktop_Program-master\Java API\JPanelSlider.jar;C:\Users\somtech\Downloads\swingx\swingx\lib\forms-1.0.4.jar;C:\Users\somtech\Downloads\swingx\swingx\lib\jdnc-jxcombobox.jar;C:\Users\somtech\Downloads\swingx\swingx\lib\jga-0.7.2-cddl.jar;C:\Users\somtech\Downloads\swingx\swingx\lib\jlfgr-1_0.jar;C:\Users\somtech\Downloads\swingx\swingx\lib\looks-1.3.1.jar
Launcher Type: SUN_STANDARD

Environment Variables:
PATH=C:/Program Files/Java/jdk1.8.0_111/bin/../jre/bin/server;C:/Program Files/Java/jdk1.8.0_111/bin/../jre/bin;C:/Program Files/Java/jdk1.8.0_111/bin/../jre/lib/amd64;C:\Windows\System32;C:\Program Files\Java\jdk1.8.0_111\bin;E:\programs\IntelliJ IDEA Community Edition 2019.2.3\bin;;C:\Users\somtech\AppData\Local\Programs\Microsoft VS Code\bin;C:\Windows\System32;
USERNAME=somtech
OS=Windows_NT
PROCESSOR_IDENTIFIER=Intel64 Family 6 Model 58 Stepping 9, GenuineIntel



---------------  S Y S T E M  ---------------

OS: Windows 10.0 , 64 bit Build 10240 (10.0.10240.16384)

CPU:total 4 (2 cores per cpu, 2 threads per core) family 6 model 58 stepping 9, cmov, cx8, fxsr, mmx, sse, sse2, sse3, ssse3, sse4.1, sse4.2, popcnt, avx, aes, clmul, erms, ht, tsc, tscinvbit, tscinv

Memory: 4k page, physical 4069544k(651156k free), swap 6559912k(1335688k free)

vm_info: Java HotSpot(TM) 64-Bit Server VM (25.111-b14) for windows-amd64 JRE (1.8.0_111-b14), built on Sep 22 2016 19:24:05 by "java_re" with MS VC++ 10.0 (VS2010)

time: Thu Jan 16 11:49:56 2020
elapsed time: 27 seconds (0d 0h 0m 27s)

